<?xml version="1.0" encoding="UTF-8"?>
<!-- Generated by org.testng.reporters.JUnitXMLReporter -->
<testsuite ignored="0" hostname="DESKTOP-P45SIP8" failures="1" tests="2" name="substractionTest" time="0.017" errors="0" timestamp="2023-09-20T12:58:40 IST">
  <testcase classname="TestNGPrograms.SubTest" name="Addition" time="0.004"/>
  <testcase classname="TestNGPrograms.SubTest" name="Substraction" time="0.0">
    <failure type="org.testng.TestNGException" message="
Cannot inject @Test annotated Method [Substraction] with [int, int].
For more information on native dependency injection please refer to https://testng.org/doc/documentation-main.html#native-dependency-injection">
      <![CDATA[org.testng.TestNGException: 
Cannot inject @Test annotated Method [Substraction] with [int, int].
For more information on native dependency injection please refer to https://testng.org/doc/documentation-main.html#native-dependency-injection
at java.base/java.util.ArrayList.forEach(ArrayList.java:1511)
... Removed 26 stack frames]]>
    </failure>
  </testcase> <!-- Substraction -->
</testsuite> <!-- substractionTest -->
