<?xml version="1.0" encoding="UTF-8"?>
<!-- Generated by org.testng.reporters.JUnitXMLReporter -->
<testsuite ignored="0" hostname="DESKTOP-P45SIP8" failures="0" tests="2" name="Test2" time="0.036" errors="0" timestamp="2023-09-25T14:16:13 IST">
  <testcase classname="TestNGPrograms.CrossBrowserTest" name="login" time="0.0">
    <skipped/>
  </testcase> <!-- login -->
  <testcase classname="TestNGPrograms.CrossBrowserTest" name="login" time="0.0">
    <skipped/>
  </testcase> <!-- login -->
</testsuite> <!-- Test2 -->
