<?xml version="1.0" encoding="UTF-8"?>
<!-- Generated by org.testng.reporters.JUnitXMLReporter -->
<testsuite ignored="0" hostname="DESKTOP-P45SIP8" failures="0" tests="2" name="Test1" time="0.163" errors="0" timestamp="2023-09-25T14:16:12 IST">
  <testcase classname="TestNGPrograms.CrossBrowserTest" name="@BeforeClass beforeclass" time="-1.695631572739E9">
    <failure type="org.testng.TestNGException" message="
Can inject only one of &amp;lt;ITestContext, XmlTest&amp;gt; into a @BeforeClass annotated beforeclass.
For more information on native dependency injection please refer to https://testng.org/doc/documentation-main.html#native-dependency-injection">
      <![CDATA[org.testng.TestNGException: 
Can inject only one of <ITestContext, XmlTest> into a @BeforeClass annotated beforeclass.
For more information on native dependency injection please refer to https://testng.org/doc/documentation-main.html#native-dependency-injection
at java.base/java.util.ArrayList.forEach(ArrayList.java:1511)
... Removed 22 stack frames]]>
    </failure>
  </testcase> <!-- @BeforeClass beforeclass -->
  <testcase classname="TestNGPrograms.CrossBrowserTest" name="login" time="0.0">
    <skipped/>
  </testcase> <!-- login -->
  <testcase classname="TestNGPrograms.CrossBrowserTest" name="login" time="0.0">
    <skipped/>
  </testcase> <!-- login -->
</testsuite> <!-- Test1 -->
